<?xml version="1.0" encoding="UTF-8"?>
<!-- Generated by org.testng.reporters.JUnitReportReporter -->
<testsuite skipped="0" hostname="linxin-OptiPlex-9020" name="cn.qsnark.sdk.rpc.QsnarkTest" tests="1" failures="0" timestamp="15 Aug 2017 10:44:03 GMT" time="0.262" errors="0">
  <testcase name="testCompileContract" time="0.262" classname="cn.qsnark.sdk.rpc.QsnarkTest"/>
</testsuite> <!-- cn.qsnark.sdk.rpc.QsnarkTest -->
